#
# There is insufficient memory for the Java Runtime Environment to continue.
# Native memory allocation (malloc) failed to allocate 1070416 bytes for Chunk::new
# Possible reasons:
#   The system is out of physical RAM or swap space
#   In 32 bit mode, the process size limit was hit
# Possible solutions:
#   Reduce memory load on the system
#   Increase physical memory or swap space
#   Check if swap backing store is full
#   Use 64 bit Java on a 64 bit OS
#   Decrease Java heap size (-Xmx/-Xms)
#   Decrease number of Java threads
#   Decrease Java thread stack sizes (-Xss)
#   Set larger code cache with -XX:ReservedCodeCacheSize=
# This output file may be truncated or incomplete.
#
#  Out of Memory Error (allocation.cpp:390), pid=11144, tid=0x0000000000000ae4
#
# JRE version: OpenJDK Runtime Environment (8.0_152-b01) (build 1.8.0_152-release-1343-b01)
# Java VM: OpenJDK 64-Bit Server VM (25.152-b01 mixed mode windows-amd64 compressed oops)
# Failed to write core dump. Minidumps are not enabled by default on client versions of Windows
#

---------------  T H R E A D  ---------------

Current thread (0x000000001863a800):  JavaThread "C2 CompilerThread0" daemon [_thread_in_native, id=2788, stack(0x0000000019da0000,0x0000000019ea0000)]

Stack: [0x0000000019da0000,0x0000000019ea0000]
[error occurred during error reporting (printing stack bounds), id 0xc0000005]

Native frames: (J=compiled Java code, j=interpreted, Vv=VM code, C=native code)


Current CompileTask:
C2:12282603 26054       4       com.android.tools.r8.ir.conversion.IRBuilder::generateSplitEdgeBlocks (399 bytes)


---------------  P R O C E S S  ---------------

Java Threads: ( => current thread )
  0x0000000026f29000 JavaThread "ForkJoinPool.commonPool-worker-0" daemon [_thread_blocked, id=13024, stack(0x00000000350a0000,0x00000000351a0000)]
  0x000000001b6c7800 JavaThread "ForkJoinPool.commonPool-worker-3" daemon [_thread_blocked, id=11564, stack(0x0000000034fa0000,0x00000000350a0000)]
  0x000000001b6c4800 JavaThread "ForkJoinPool.commonPool-worker-2" daemon [_thread_blocked, id=7180, stack(0x0000000034ea0000,0x0000000034fa0000)]
  0x0000000026f2f000 JavaThread "Cache worker for Java compile cache (C:\Users\Belarus))\AndroidStudioProjects\Lab2\.gradle\5.1.1\javaCompile)" [_thread_blocked, id=13444, stack(0x0000000034aa0000,0x0000000034ba0000)]
  0x0000000026f2c000 JavaThread "Cache worker for Java compile cache (C:\Users\Belarus))\.gradle\caches\5.1.1\javaCompile)" [_thread_blocked, id=12336, stack(0x00000000349a0000,0x0000000034aa0000)]
  0x0000000026f2a000 JavaThread "RMI TCP Connection(idle)" daemon [_thread_blocked, id=14636, stack(0x00000000348a0000,0x00000000349a0000)]
  0x0000000026f2a800 JavaThread "RMI Reaper" [_thread_blocked, id=11860, stack(0x00000000347a0000,0x00000000348a0000)]
  0x0000000026f2d000 JavaThread "RMI TCP Accept-0" daemon [_thread_in_native, id=15504, stack(0x00000000346a0000,0x00000000347a0000)]
  0x0000000026f2b800 JavaThread "GC Daemon" daemon [_thread_blocked, id=9364, stack(0x00000000345a0000,0x00000000346a0000)]
  0x0000000026f28800 JavaThread "RMI RenewClean-[127.0.0.1:17766,org.jetbrains.kotlin.daemon.common.LoopbackNetworkInterface$ClientLoopbackSocketFactory@76fd293d]" daemon [_thread_blocked, id=272, stack(0x00000000344a0000,0x00000000345a0000)]
  0x0000000026f2e800 JavaThread "RMI Scheduler(0)" daemon [_thread_blocked, id=12204, stack(0x00000000343a0000,0x00000000344a0000)]
  0x0000000026f27800 JavaThread "stdout" daemon [_thread_in_native, id=12972, stack(0x00000000342a0000,0x00000000343a0000)]
  0x0000000026f27000 JavaThread "stderr" daemon [_thread_in_native, id=1456, stack(0x00000000341a0000,0x00000000342a0000)]
  0x0000000026f21800 JavaThread "stdout" daemon [_thread_in_native, id=2144, stack(0x00000000340a0000,0x00000000341a0000)]
  0x0000000026f24000 JavaThread "stderr" daemon [_thread_in_native, id=3048, stack(0x0000000033fa0000,0x00000000340a0000)]
  0x0000000026f20000 JavaThread "stdout" daemon [_thread_in_native, id=1216, stack(0x0000000033ea0000,0x0000000033fa0000)]
  0x0000000026f22800 JavaThread "stderr" daemon [_thread_in_native, id=8948, stack(0x0000000033da0000,0x0000000033ea0000)]
  0x0000000026f26000 JavaThread "pool-19-thread-1" [_thread_blocked, id=8904, stack(0x0000000033ca0000,0x0000000033da0000)]
  0x0000000026f24800 JavaThread "MarlinRenderer Disposer" daemon [_thread_blocked, id=4792, stack(0x0000000033ba0000,0x0000000033ca0000)]
  0x0000000026f25800 JavaThread "Java2D Disposer" daemon [_thread_blocked, id=5600, stack(0x0000000033aa0000,0x0000000033ba0000)]
  0x000000001aa4a000 JavaThread "Cache worker for execution history cache (C:\Users\Belarus))\AndroidStudioProjects\Lab2\.gradle\5.1.1\executionHistory)" [_thread_blocked, id=6512, stack(0x00000000334a0000,0x00000000335a0000)]
  0x000000001aa49000 JavaThread "Execution worker for ':' Thread 3" [_thread_blocked, id=13092, stack(0x00000000333a0000,0x00000000334a0000)]
  0x000000001aa48800 JavaThread "Execution worker for ':' Thread 2" [_thread_in_native, id=10756, stack(0x00000000332a0000,0x00000000333a0000)]
  0x000000001aa44800 JavaThread "Execution worker for ':'" [_thread_blocked, id=13224, stack(0x00000000331a0000,0x00000000332a0000)]
  0x000000001aa44000 JavaThread "Cache worker for file content cache (C:\Users\Belarus))\AndroidStudioProjects\Lab2\.gradle\5.1.1\fileContent)" [_thread_blocked, id=15852, stack(0x00000000330a0000,0x00000000331a0000)]
  0x000000001aa47800 JavaThread "Cache worker for file content cache (C:\Users\Belarus))\.gradle\caches\5.1.1\fileContent)" [_thread_blocked, id=6764, stack(0x0000000032fa0000,0x00000000330a0000)]
  0x000000001aa46000 JavaThread "Cache worker for Build Output Cleanup Cache (C:\Users\Belarus))\AndroidStudioProjects\Lab2\.gradle\buildOutputCleanup)" [_thread_blocked, id=8044, stack(0x0000000032ea0000,0x0000000032fa0000)]
  0x000000001aa3c800 JavaThread "Build operations Thread 4" [_thread_blocked, id=10132, stack(0x0000000032da0000,0x0000000032ea0000)]
  0x000000001aa43000 JavaThread "Build operations Thread 3" [_thread_blocked, id=16172, stack(0x0000000032ca0000,0x0000000032da0000)]
  0x000000001aa40000 JavaThread "Build operations Thread 2" [_thread_blocked, id=6756, stack(0x0000000032ba0000,0x0000000032ca0000)]
  0x000000001aa3f800 JavaThread "Build operations" [_thread_blocked, id=11856, stack(0x0000000032aa0000,0x0000000032ba0000)]
  0x000000001aa41000 JavaThread "Cache worker for cache directory md-rule (C:\Users\Belarus))\.gradle\caches\5.1.1\md-rule)" [_thread_blocked, id=14672, stack(0x00000000329a0000,0x0000000032aa0000)]
  0x000000001aa3e800 JavaThread "Cache worker for cache directory md-supplier (C:\Users\Belarus))\.gradle\caches\5.1.1\md-supplier)" [_thread_blocked, id=13484, stack(0x00000000328a0000,0x00000000329a0000)]
  0x000000001b98f000 JavaThread "Cache worker for file hash cache (C:\Users\Belarus))\AndroidStudioProjects\Lab2\.gradle\5.1.1\fileHashes)" [_thread_blocked, id=9440, stack(0x00000000327a0000,0x00000000328a0000)]
  0x000000001b990800 JavaThread "Thread-189" [_thread_blocked, id=13320, stack(0x00000000326a0000,0x00000000327a0000)]
  0x000000001b98d800 JavaThread "Asynchronous log dispatcher for DefaultDaemonConnection: socket connection from /127.0.0.1:55811 to /127.0.0.1:57412" [_thread_blocked, id=9544, stack(0x00000000324a0000,0x00000000325a0000)]
  0x000000001b98c000 JavaThread "Daemon worker Thread 7" [_thread_blocked, id=10324, stack(0x00000000323a0000,0x00000000324a0000)]
  0x000000001b992000 JavaThread "Cancel handler" [_thread_blocked, id=9864, stack(0x00000000322a0000,0x00000000323a0000)]
  0x000000001b98c800 JavaThread "Handler for socket connection from /127.0.0.1:55811 to /127.0.0.1:57412" [_thread_in_native, id=14724, stack(0x00000000321a0000,0x00000000322a0000)]
  0x000000001b98f800 JavaThread "Daemon Thread 7" [_thread_blocked, id=8548, stack(0x00000000320a0000,0x00000000321a0000)]
  0x000000001b991000 JavaThread "Memory manager" [_thread_blocked, id=11472, stack(0x0000000024b50000,0x0000000024c50000)]
  0x000000001b6c6000 JavaThread "Cache worker for execution history cache (C:\Users\Belarus))\.gradle\caches\5.1.1\executionHistory)" [_thread_blocked, id=220, stack(0x0000000022580000,0x0000000022680000)]
  0x000000001b6c5800 JavaThread "Cache worker for journal cache (C:\Users\Belarus))\.gradle\caches\journal-1)" [_thread_blocked, id=8796, stack(0x000000001e1c0000,0x000000001e2c0000)]
  0x000000001b6c1800 JavaThread "File lock request listener" [_thread_in_native, id=13616, stack(0x000000001e0c0000,0x000000001e1c0000)]
  0x000000001b606800 JavaThread "Cache worker for file hash cache (C:\Users\Belarus))\.gradle\caches\5.1.1\fileHashes)" [_thread_blocked, id=11132, stack(0x000000001dfc0000,0x000000001e0c0000)]
  0x000000001b0ed800 JavaThread "Daemon periodic checks" [_thread_blocked, id=15892, stack(0x000000001d5c0000,0x000000001d6c0000)]
  0x000000001bcf3800 JavaThread "Incoming local TCP Connector on port 55811" [_thread_in_native, id=5288, stack(0x000000001d380000,0x000000001d480000)]
  0x000000001a0c8800 JavaThread "Service Thread" daemon [_thread_blocked, id=7644, stack(0x000000001a4a0000,0x000000001a5a0000)]
  0x0000000018653000 JavaThread "C1 CompilerThread2" daemon [_thread_blocked, id=9452, stack(0x0000000019fa0000,0x000000001a0a0000)]
  0x000000001863e800 JavaThread "C2 CompilerThread1" daemon [_thread_in_native, id=15940, stack(0x0000000019ea0000,0x0000000019fa0000)]
=>0x000000001863a800 JavaThread "C2 CompilerThread0" daemon [_thread_in_native, id=2788, stack(0x0000000019da0000,0x0000000019ea0000)]
  0x0000000018639000 JavaThread "Attach Listener" daemon [_thread_blocked, id=16224, stack(0x0000000019ca0000,0x0000000019da0000)]
  0x0000000018647000 JavaThread "Signal Dispatcher" daemon [_thread_blocked, id=13528, stack(0x0000000019ba0000,0x0000000019ca0000)]
  0x0000000004ccb800 JavaThread "Finalizer" daemon [_thread_blocked, id=4320, stack(0x00000000198a0000,0x00000000199a0000)]
  0x0000000004cc0800 JavaThread "Reference Handler" daemon [_thread_blocked, id=1812, stack(0x00000000197a0000,0x00000000198a0000)]
  0x0000000004ace800 JavaThread "main" [_thread_blocked, id=9700, stack(0x0000000004ad0000,0x0000000004bd0000)]

Other Threads:
  0x0000000018606000 VMThread [stack: 0x00000000196a0000,0x00000000197a0000] [id=12116]
  0x000000001a0c9000 WatcherThread [stack: 0x000000001a5a0000,0x000000001a6a0000] [id=14440]

VM state:not at safepoint (normal execution)

VM Mutex/Monitor currently owned by a thread: None

Heap:
 PSYoungGen      total 444928K, used 316026K [0x00000000e0000000, 0x00000000fcd00000, 0x0000000100000000)
  eden space 424960K, 73% used [0x00000000e0000000,0x00000000f32c2cb0,0x00000000f9f00000)
  from space 19968K, 9% used [0x00000000fb980000,0x00000000fbb5bdb0,0x00000000fcd00000)
  to   space 23552K, 0% used [0x00000000f9f00000,0x00000000f9f00000,0x00000000fb600000)
 ParOldGen       total 186368K, used 59760K [0x00000000a0000000, 0x00000000ab600000, 0x00000000e0000000)
  object space 186368K, 32% used [0x00000000a0000000,0x00000000a3a5c1e8,0x00000000ab600000)
 Metaspace       used 123425K, capacity 128684K, committed 129944K, reserved 1163264K
  class space    used 15288K, capacity 16214K, committed 16536K, reserved 1048576K

Card table byte_map: [0x0000000014090000,0x00000000143a0000] byte_map_base: 0x0000000013b90000

Marking Bits: (ParMarkBitMap*) 0x0000000072375aa0
 Begin Bits: [0x00000000149a0000, 0x00000000161a0000)
 End Bits:   [0x00000000161a0000, 0x00000000179a0000)

Polling page: 0x0000000004a30000

CodeCache: size=245760Kb used=73400Kb max_used=73415Kb free=172359Kb
 bounds [0x0000000004cd0000, 0x00000000094f0000, 0x0000000013cd0000]
 total_blobs=22090 nmethods=21049 adapters=950
 compilation: enabled

Compilation events (10 events):
Event: 12277.793 Thread 0x0000000018653000 26186       2       com.google.common.reflect.TypeResolver::<init> (6 bytes)
Event: 12277.793 Thread 0x0000000018653000 nmethod 26186 0x000000000881d350 code [0x000000000881d4a0, 0x000000000881d610]
Event: 12278.054 Thread 0x0000000018653000 26187       2       com.google.common.base.Joiner::toString (24 bytes)
Event: 12278.054 Thread 0x0000000018653000 nmethod 26187 0x00000000094bd0d0 code [0x00000000094bd260, 0x00000000094bd538]
Event: 12278.061 Thread 0x0000000018653000 26188       2       java.util.stream.Collectors::joining (34 bytes)
Event: 12278.061 Thread 0x0000000018653000 nmethod 26188 0x00000000094bcb90 code [0x00000000094bcd00, 0x00000000094bcf90]
Event: 12278.062 Thread 0x0000000018653000 26189       2       java.util.stream.Collectors$$Lambda$38/255764096::get$Lambda (11 bytes)
Event: 12278.062 Thread 0x0000000018653000 nmethod 26189 0x00000000094bc7d0 code [0x00000000094bc920, 0x00000000094bcad0]
Event: 12278.062 Thread 0x0000000018653000 26190       2       java.util.stream.Collectors$$Lambda$38/255764096::<init> (20 bytes)
Event: 12278.062 Thread 0x0000000018653000 nmethod 26190 0x00000000094bc450 code [0x00000000094bc5a0, 0x00000000094bc730]

GC Heap History (10 events):
Event: 12262.089 GC heap before
{Heap before GC invocations=43 (full 5):
 PSYoungGen      total 354304K, used 350966K [0x00000000e0000000, 0x00000000f9d00000, 0x0000000100000000)
  eden space 331264K, 100% used [0x00000000e0000000,0x00000000f4380000,0x00000000f4380000)
  from space 23040K, 85% used [0x00000000f4380000,0x00000000f56bda80,0x00000000f5a00000)
  to   space 24064K, 0% used [0x00000000f8580000,0x00000000f8580000,0x00000000f9d00000)
 ParOldGen       total 186368K, used 51774K [0x00000000a0000000, 0x00000000ab600000, 0x00000000e0000000)
  object space 186368K, 27% used [0x00000000a0000000,0x00000000a328fad0,0x00000000ab600000)
 Metaspace       used 123062K, capacity 128332K, committed 129688K, reserved 1163264K
  class space    used 15273K, capacity 16170K, committed 16536K, reserved 1048576K
Event: 12262.149 GC heap after
Heap after GC invocations=43 (full 5):
 PSYoungGen      total 398848K, used 16108K [0x00000000e0000000, 0x00000000f9f00000, 0x0000000100000000)
  eden space 374784K, 0% used [0x00000000e0000000,0x00000000e0000000,0x00000000f6e00000)
  from space 24064K, 66% used [0x00000000f8580000,0x00000000f953b040,0x00000000f9d00000)
  to   space 24064K, 0% used [0x00000000f6e00000,0x00000000f6e00000,0x00000000f8580000)
 ParOldGen       total 186368K, used 51774K [0x00000000a0000000, 0x00000000ab600000, 0x00000000e0000000)
  object space 186368K, 27% used [0x00000000a0000000,0x00000000a328fad0,0x00000000ab600000)
 Metaspace       used 123062K, capacity 128332K, committed 129688K, reserved 1163264K
  class space    used 15273K, capacity 16170K, committed 16536K, reserved 1048576K
}
Event: 12264.116 GC heap before
{Heap before GC invocations=44 (full 5):
 PSYoungGen      total 398848K, used 390892K [0x00000000e0000000, 0x00000000f9f00000, 0x0000000100000000)
  eden space 374784K, 100% used [0x00000000e0000000,0x00000000f6e00000,0x00000000f6e00000)
  from space 24064K, 66% used [0x00000000f8580000,0x00000000f953b040,0x00000000f9d00000)
  to   space 24064K, 0% used [0x00000000f6e00000,0x00000000f6e00000,0x00000000f8580000)
 ParOldGen       total 186368K, used 51774K [0x00000000a0000000, 0x00000000ab600000, 0x00000000e0000000)
  object space 186368K, 27% used [0x00000000a0000000,0x00000000a328fad0,0x00000000ab600000)
 Metaspace       used 123114K, capacity 128396K, committed 129688K, reserved 1163264K
  class space    used 15273K, capacity 16170K, committed 16536K, reserved 1048576K
Event: 12264.197 GC heap after
Heap after GC invocations=44 (full 5):
 PSYoungGen      total 398848K, used 15488K [0x00000000e0000000, 0x00000000fd080000, 0x0000000100000000)
  eden space 374784K, 0% used [0x00000000e0000000,0x00000000e0000000,0x00000000f6e00000)
  from space 24064K, 64% used [0x00000000f6e00000,0x00000000f7d20380,0x00000000f8580000)
  to   space 23552K, 0% used [0x00000000fb980000,0x00000000fb980000,0x00000000fd080000)
 ParOldGen       total 186368K, used 51782K [0x00000000a0000000, 0x00000000ab600000, 0x00000000e0000000)
  object space 186368K, 27% used [0x00000000a0000000,0x00000000a3291ad0,0x00000000ab600000)
 Metaspace       used 123114K, capacity 128396K, committed 129688K, reserved 1163264K
  class space    used 15273K, capacity 16170K, committed 16536K, reserved 1048576K
}
Event: 12267.237 GC heap before
{Heap before GC invocations=45 (full 5):
 PSYoungGen      total 398848K, used 390272K [0x00000000e0000000, 0x00000000fd080000, 0x0000000100000000)
  eden space 374784K, 100% used [0x00000000e0000000,0x00000000f6e00000,0x00000000f6e00000)
  from space 24064K, 64% used [0x00000000f6e00000,0x00000000f7d20380,0x00000000f8580000)
  to   space 23552K, 0% used [0x00000000fb980000,0x00000000fb980000,0x00000000fd080000)
 ParOldGen       total 186368K, used 51782K [0x00000000a0000000, 0x00000000ab600000, 0x00000000e0000000)
  object space 186368K, 27% used [0x00000000a0000000,0x00000000a3291ad0,0x00000000ab600000)
 Metaspace       used 123161K, capacity 128460K, committed 129944K, reserved 1163264K
  class space    used 15274K, capacity 16170K, committed 16536K, reserved 1048576K
Event: 12267.280 GC heap after
Heap after GC invocations=45 (full 5):
 PSYoungGen      total 444928K, used 9038K [0x00000000e0000000, 0x00000000fcd00000, 0x0000000100000000)
  eden space 424960K, 0% used [0x00000000e0000000,0x00000000e0000000,0x00000000f9f00000)
  from space 19968K, 45% used [0x00000000fb980000,0x00000000fc2538a8,0x00000000fcd00000)
  to   space 23552K, 0% used [0x00000000f9f00000,0x00000000f9f00000,0x00000000fb600000)
 ParOldGen       total 186368K, used 52602K [0x00000000a0000000, 0x00000000ab600000, 0x00000000e0000000)
  object space 186368K, 28% used [0x00000000a0000000,0x00000000a335eae8,0x00000000ab600000)
 Metaspace       used 123161K, capacity 128460K, committed 129944K, reserved 1163264K
  class space    used 15274K, capacity 16170K, committed 16536K, reserved 1048576K
}
Event: 12269.926 GC heap before
{Heap before GC invocations=46 (full 5):
 PSYoungGen      total 444928K, used 433998K [0x00000000e0000000, 0x00000000fcd00000, 0x0000000100000000)
  eden space 424960K, 100% used [0x00000000e0000000,0x00000000f9f00000,0x00000000f9f00000)
  from space 19968K, 45% used [0x00000000fb980000,0x00000000fc2538a8,0x00000000fcd00000)
  to   space 23552K, 0% used [0x00000000f9f00000,0x00000000f9f00000,0x00000000fb600000)
 ParOldGen       total 186368K, used 52602K [0x00000000a0000000, 0x00000000ab600000, 0x00000000e0000000)
  object space 186368K, 28% used [0x00000000a0000000,0x00000000a335eae8,0x00000000ab600000)
 Metaspace       used 123219K, capacity 128524K, committed 129944K, reserved 1163264K
  class space    used 15274K, capacity 16170K, committed 16536K, reserved 1048576K
Event: 12269.958 GC heap after
Heap after GC invocations=46 (full 5):
 PSYoungGen      total 448512K, used 3951K [0x00000000e0000000, 0x00000000fcd00000, 0x0000000100000000)
  eden space 424960K, 0% used [0x00000000e0000000,0x00000000e0000000,0x00000000f9f00000)
  from space 23552K, 16% used [0x00000000f9f00000,0x00000000fa2dbff8,0x00000000fb600000)
  to   space 19968K, 0% used [0x00000000fb980000,0x00000000fb980000,0x00000000fcd00000)
 ParOldGen       total 186368K, used 59000K [0x00000000a0000000, 0x00000000ab600000, 0x00000000e0000000)
  object space 186368K, 31% used [0x00000000a0000000,0x00000000a399e188,0x00000000ab600000)
 Metaspace       used 123219K, capacity 128524K, committed 129944K, reserved 1163264K
  class space    used 15274K, capacity 16170K, committed 16536K, reserved 1048576K
}
Event: 12272.698 GC heap before
{Heap before GC invocations=47 (full 5):
 PSYoungGen      total 448512K, used 428911K [0x00000000e0000000, 0x00000000fcd00000, 0x0000000100000000)
  eden space 424960K, 100% used [0x00000000e0000000,0x00000000f9f00000,0x00000000f9f00000)
  from space 23552K, 16% used [0x00000000f9f00000,0x00000000fa2dbff8,0x00000000fb600000)
  to   space 19968K, 0% used [0x00000000fb980000,0x00000000fb980000,0x00000000fcd00000)
 ParOldGen       total 186368K, used 59000K [0x00000000a0000000, 0x00000000ab600000, 0x00000000e0000000)
  object space 186368K, 31% used [0x00000000a0000000,0x00000000a399e188,0x00000000ab600000)
 Metaspace       used 123262K, capacity 128528K, committed 129944K, reserved 1163264K
  class space    used 15274K, capacity 16170K, committed 16536K, reserved 1048576K
Event: 12272.708 GC heap after
Heap after GC invocations=47 (full 5):
 PSYoungGen      total 444928K, used 1903K [0x00000000e0000000, 0x00000000fcd00000, 0x0000000100000000)
  eden space 424960K, 0% used [0x00000000e0000000,0x00000000e0000000,0x00000000f9f00000)
  from space 19968K, 9% used [0x00000000fb980000,0x00000000fbb5bdb0,0x00000000fcd00000)
  to   space 23552K, 0% used [0x00000000f9f00000,0x00000000f9f00000,0x00000000fb600000)
 ParOldGen       total 186368K, used 59760K [0x00000000a0000000, 0x00000000ab600000, 0x00000000e0000000)
  object space 186368K, 32% used [0x00000000a0000000,0x00000000a3a5c1e8,0x00000000ab600000)
 Metaspace       used 123262K, capacity 128528K, committed 129944K, reserved 1163264K
  class space    used 15274K, capacity 16170K, committed 16536K, reserved 1048576K
}

Deoptimization events (10 events):
Event: 12274.537 Thread 0x000000001b6c7800 Uncommon trap: reason=class_check action=maybe_recompile pc=0x0000000009270d08 method=com.android.tools.r8.utils.InternalOptions.isGeneratingDexIndexed()Z @ 4
Event: 12274.574 Thread 0x000000001b6c4800 Uncommon trap: reason=array_check action=maybe_recompile pc=0x00000000084d200c method=java.util.TimSort.mergeHi(IIII)V @ 101
Event: 12274.802 Thread 0x0000000026f29000 Uncommon trap: reason=array_check action=maybe_recompile pc=0x00000000084d200c method=java.util.TimSort.mergeHi(IIII)V @ 101
Event: 12275.297 Thread 0x0000000026f29000 Uncommon trap: reason=array_check action=maybe_recompile pc=0x00000000084d200c method=java.util.TimSort.mergeHi(IIII)V @ 101
Event: 12275.862 Thread 0x000000001b6c7800 Uncommon trap: reason=predicate action=maybe_recompile pc=0x0000000008e6e71c method=java.util.TimSort.mergeHi(IIII)V @ 191
Event: 12277.431 Thread 0x000000001aa48800 Uncommon trap: reason=unstable_if action=reinterpret pc=0x000000000911b7e0 method=java.util.HashMap.containsValue(Ljava/lang/Object;)Z @ 13
Event: 12277.441 Thread 0x000000001aa48800 Uncommon trap: reason=class_check action=maybe_recompile pc=0x0000000005f99ff8 method=com.google.common.base.Joiner.toString(Ljava/lang/Object;)Ljava/lang/CharSequence; @ 6
Event: 12277.442 Thread 0x000000001aa48800 Uncommon trap: reason=class_check action=maybe_recompile pc=0x0000000005f99ff8 method=com.google.common.base.Joiner.toString(Ljava/lang/Object;)Ljava/lang/CharSequence; @ 6
Event: 12277.442 Thread 0x000000001aa48800 Uncommon trap: reason=class_check action=maybe_recompile pc=0x0000000005f99ff8 method=com.google.common.base.Joiner.toString(Ljava/lang/Object;)Ljava/lang/CharSequence; @ 6
Event: 12277.442 Thread 0x000000001aa48800 Uncommon trap: reason=class_check action=maybe_recompile pc=0x0000000005f99ff8 method=com.google.common.base.Joiner.toString(Ljava/lang/Object;)Ljava/lang/CharSequence; @ 6

Classes redefined (0 events):
No events

Internal exceptions (10 events):
Event: 12277.086 Thread 0x000000001b6c7800 Exception <a 'sun/nio/fs/WindowsException'> (0x00000000ee6f9b68) thrown at [D:\src\AOSP-openjdk-cygwin\jdk8u\hotspot\src\share\vm\prims\jni.cpp, line 709]
Event: 12277.088 Thread 0x000000001b6c7800 Exception <a 'sun/nio/fs/WindowsException'> (0x00000000ee7008e0) thrown at [D:\src\AOSP-openjdk-cygwin\jdk8u\hotspot\src\share\vm\prims\jni.cpp, line 709]
Event: 12277.090 Thread 0x000000001b6c7800 Exception <a 'sun/nio/fs/WindowsException'> (0x00000000ee707bf0) thrown at [D:\src\AOSP-openjdk-cygwin\jdk8u\hotspot\src\share\vm\prims\jni.cpp, line 709]
Event: 12277.092 Thread 0x000000001b6c7800 Exception <a 'sun/nio/fs/WindowsException'> (0x00000000ef4131f8) thrown at [D:\src\AOSP-openjdk-cygwin\jdk8u\hotspot\src\share\vm\prims\jni.cpp, line 709]
Event: 12277.094 Thread 0x000000001b6c7800 Exception <a 'sun/nio/fs/WindowsException'> (0x00000000ef45f020) thrown at [D:\src\AOSP-openjdk-cygwin\jdk8u\hotspot\src\share\vm\prims\jni.cpp, line 709]
Event: 12277.126 Thread 0x000000001b6c7800 Exception <a 'sun/nio/fs/WindowsException'> (0x00000000ef4a3e18) thrown at [D:\src\AOSP-openjdk-cygwin\jdk8u\hotspot\src\share\vm\prims\jni.cpp, line 709]
Event: 12277.128 Thread 0x000000001b6c7800 Exception <a 'sun/nio/fs/WindowsException'> (0x00000000ef4eda80) thrown at [D:\src\AOSP-openjdk-cygwin\jdk8u\hotspot\src\share\vm\prims\jni.cpp, line 709]
Event: 12277.130 Thread 0x000000001b6c7800 Exception <a 'sun/nio/fs/WindowsException'> (0x00000000ef534148) thrown at [D:\src\AOSP-openjdk-cygwin\jdk8u\hotspot\src\share\vm\prims\jni.cpp, line 709]
Event: 12277.133 Thread 0x000000001b6c7800 Exception <a 'sun/nio/fs/WindowsException'> (0x00000000ef57b660) thrown at [D:\src\AOSP-openjdk-cygwin\jdk8u\hotspot\src\share\vm\prims\jni.cpp, line 709]
Event: 12277.136 Thread 0x000000001b6c7800 Exception <a 'sun/nio/fs/WindowsException'> (0x00000000ef5c4768) thrown at [D:\src\AOSP-openjdk-cygwin\jdk8u\hotspot\src\share\vm\prims\jni.cpp, line 709]

Events (10 events):
Event: 12277.441 Thread 0x000000001aa48800 DEOPT UNPACKING pc=0x0000000004d1557b sp=0x000000003339b9e8 mode 2
Event: 12277.441 Thread 0x000000001aa48800 Uncommon trap: trap_request=0xffffffde fr.pc=0x0000000005f99ff8
Event: 12277.442 Thread 0x000000001aa48800 DEOPT PACKING pc=0x0000000005f99ff8 sp=0x000000003339ba50
Event: 12277.442 Thread 0x000000001aa48800 DEOPT UNPACKING pc=0x0000000004d1557b sp=0x000000003339b9e8 mode 2
Event: 12277.442 Thread 0x000000001aa48800 Uncommon trap: trap_request=0xffffffde fr.pc=0x0000000005f99ff8
Event: 12277.442 Thread 0x000000001aa48800 DEOPT PACKING pc=0x0000000005f99ff8 sp=0x000000003339ba50
Event: 12277.442 Thread 0x000000001aa48800 DEOPT UNPACKING pc=0x0000000004d1557b sp=0x000000003339b9e8 mode 2
Event: 12277.442 Thread 0x000000001aa48800 Uncommon trap: trap_request=0xffffffde fr.pc=0x0000000005f99ff8
Event: 12277.442 Thread 0x000000001aa48800 DEOPT PACKING pc=0x0000000005f99ff8 sp=0x000000003339ba50
Event: 12277.442 Thread 0x000000001aa48800 DEOPT UNPACKING pc=0x0000000004d1557b sp=0x000000003339b9e8 mode 2


Dynamic libraries:
0x00007ff7ecfb0000 - 0x00007ff7ecfe1000 	C:\Program Files\Android\Android Studio\jre\bin\java.exe
0x00007ff87f280000 - 0x00007ff87f460000 	C:\WINDOWS\SYSTEM32\ntdll.dll
0x00007ff87e9e0000 - 0x00007ff87ea8e000 	C:\WINDOWS\System32\KERNEL32.DLL
0x00007ff87ba80000 - 0x00007ff87bce6000 	C:\WINDOWS\System32\KERNELBASE.dll
0x00007ff87e6e0000 - 0x00007ff87e781000 	C:\WINDOWS\System32\ADVAPI32.dll
0x00007ff87e790000 - 0x00007ff87e82d000 	C:\WINDOWS\System32\msvcrt.dll
0x00007ff87c720000 - 0x00007ff87c77b000 	C:\WINDOWS\System32\sechost.dll
0x00007ff87dd40000 - 0x00007ff87de5f000 	C:\WINDOWS\System32\RPCRT4.dll
0x00007ff87f090000 - 0x00007ff87f21f000 	C:\WINDOWS\System32\USER32.dll
0x00007ff87bfb0000 - 0x00007ff87bfd0000 	C:\WINDOWS\System32\win32u.dll
0x00007ff87ec20000 - 0x00007ff87ec48000 	C:\WINDOWS\System32\GDI32.dll
0x00007ff87b650000 - 0x00007ff87b7e3000 	C:\WINDOWS\System32\gdi32full.dll
0x00007ff87bec0000 - 0x00007ff87bf5b000 	C:\WINDOWS\System32\msvcp_win.dll
0x00007ff87b980000 - 0x00007ff87ba74000 	C:\WINDOWS\System32\ucrtbase.dll
0x00007ff875a80000 - 0x00007ff875ce9000 	C:\WINDOWS\WinSxS\amd64_microsoft.windows.common-controls_6595b64144ccf1df_6.0.16299.1087_none_0f9074b65a6589b7\COMCTL32.dll
0x00007ff87ecd0000 - 0x00007ff87efd6000 	C:\WINDOWS\System32\combase.dll
0x00007ff87b900000 - 0x00007ff87b972000 	C:\WINDOWS\System32\bcryptPrimitives.dll
0x00007ff87e6b0000 - 0x00007ff87e6dd000 	C:\WINDOWS\System32\IMM32.DLL
0x00000000719f0000 - 0x0000000071ac2000 	C:\Program Files\Android\Android Studio\jre\jre\bin\msvcr100.dll
0x0000000071bb0000 - 0x00000000723f1000 	C:\Program Files\Android\Android Studio\jre\jre\bin\server\jvm.dll
0x00007ff87e0b0000 - 0x00007ff87e0b8000 	C:\WINDOWS\System32\PSAPI.DLL
0x00007ff876340000 - 0x00007ff87634a000 	C:\WINDOWS\SYSTEM32\VERSION.dll
0x00007ff876400000 - 0x00007ff876423000 	C:\WINDOWS\SYSTEM32\WINMM.dll
0x00007ff84c110000 - 0x00007ff84c119000 	C:\WINDOWS\SYSTEM32\WSOCK32.dll
0x00007ff87c890000 - 0x00007ff87c8fc000 	C:\WINDOWS\System32\WS2_32.dll
0x00007ff8763d0000 - 0x00007ff8763fa000 	C:\WINDOWS\SYSTEM32\WINMMBASE.dll
0x00007ff87bf60000 - 0x00007ff87bfaa000 	C:\WINDOWS\System32\cfgmgr32.dll
0x00007ff878010000 - 0x00007ff87801f000 	C:\Program Files\Android\Android Studio\jre\jre\bin\verify.dll
0x00007ff86c560000 - 0x00007ff86c589000 	C:\Program Files\Android\Android Studio\jre\jre\bin\java.dll
0x00007ff86e760000 - 0x00007ff86e776000 	C:\Program Files\Android\Android Studio\jre\jre\bin\zip.dll
0x00007ff87c900000 - 0x00007ff87dd38000 	C:\WINDOWS\System32\SHELL32.dll
0x00007ff87efe0000 - 0x00007ff87f086000 	C:\WINDOWS\System32\shcore.dll
0x00007ff87bfd0000 - 0x00007ff87c717000 	C:\WINDOWS\System32\windows.storage.dll
0x00007ff87e830000 - 0x00007ff87e881000 	C:\WINDOWS\System32\shlwapi.dll
0x00007ff87b5f0000 - 0x00007ff87b601000 	C:\WINDOWS\System32\kernel.appcore.dll
0x00007ff87b5a0000 - 0x00007ff87b5ec000 	C:\WINDOWS\System32\powrprof.dll
0x00007ff87b630000 - 0x00007ff87b64b000 	C:\WINDOWS\System32\profapi.dll
0x00007ff86cff0000 - 0x00007ff86d00a000 	C:\Program Files\Android\Android Studio\jre\jre\bin\net.dll
0x00007ff87add0000 - 0x00007ff87ae36000 	C:\WINDOWS\system32\mswsock.dll
0x00007ff86b720000 - 0x00007ff86b731000 	C:\Program Files\Android\Android Studio\jre\jre\bin\nio.dll
0x00007ff862dd0000 - 0x00007ff862dee000 	C:\Users\Belarus))\.gradle\native\25\windows-amd64\native-platform.dll
0x00007ff874560000 - 0x00007ff87456d000 	C:\Program Files\Android\Android Studio\jre\jre\bin\management.dll
0x00007ff87afa0000 - 0x00007ff87afb7000 	C:\WINDOWS\SYSTEM32\CRYPTSP.dll
0x00007ff87a9d0000 - 0x00007ff87aa03000 	C:\WINDOWS\system32\rsaenh.dll
0x00007ff87b0a0000 - 0x00007ff87b0c5000 	C:\WINDOWS\SYSTEM32\bcrypt.dll
0x00007ff87b4d0000 - 0x00007ff87b4f9000 	C:\WINDOWS\SYSTEM32\USERENV.dll
0x00007ff87af90000 - 0x00007ff87af9b000 	C:\WINDOWS\SYSTEM32\CRYPTBASE.dll
0x00007ff87ab60000 - 0x00007ff87ab99000 	C:\WINDOWS\SYSTEM32\IPHLPAPI.DLL
0x00007ff87de60000 - 0x00007ff87de68000 	C:\WINDOWS\System32\NSI.dll
0x00007ff876370000 - 0x00007ff876386000 	C:\WINDOWS\SYSTEM32\dhcpcsvc6.DLL
0x00007ff876350000 - 0x00007ff87636a000 	C:\WINDOWS\SYSTEM32\dhcpcsvc.DLL
0x00007ff864f00000 - 0x00007ff865098000 	C:\Program Files\Android\Android Studio\jre\jre\bin\awt.dll
0x00007ff87e510000 - 0x00007ff87e5d4000 	C:\WINDOWS\System32\OLEAUT32.dll
0x00007ff8791d0000 - 0x00007ff879788000 	C:\WINDOWS\SYSTEM32\d2d1.dll
0x00007ff87bcf0000 - 0x00007ff87bebe000 	C:\WINDOWS\System32\CRYPT32.dll
0x00007ff87b610000 - 0x00007ff87b622000 	C:\WINDOWS\System32\MSASN1.dll
0x00007ff879cc0000 - 0x00007ff879d48000 	C:\WINDOWS\SYSTEM32\apphelp.dll
0x00007ff879fc0000 - 0x00007ff879fea000 	C:\WINDOWS\system32\DWMAPI.DLL
0x00007ff879d70000 - 0x00007ff879e05000 	C:\WINDOWS\system32\uxtheme.dll
0x00007ff87a6d0000 - 0x00007ff87a701000 	C:\WINDOWS\SYSTEM32\ntmarta.dll

VM Arguments:
jvm_args: -Xmx1536m -Dfile.encoding=windows-1251 -Duser.country=RU -Duser.language=ru -Duser.variant 
java_command: org.gradle.launcher.daemon.bootstrap.GradleDaemon 5.1.1
java_class_path (initial): C:\Users\Belarus))\.gradle\wrapper\dists\gradle-5.1.1-all\97z1ksx6lirer3kbvdnh7jtjg\gradle-5.1.1\lib\gradle-launcher-5.1.1.jar
Launcher Type: SUN_STANDARD

Environment Variables:
JAVA_HOME=C:\Program Files\Android\Java\jdk1.8.0_172
PATH=C:\Program Files (x86)\NVIDIA Corporation\PhysX\Common;C:\Program Files (x86)\Embarcadero\Studio\19.0\bin;C:\Users\Public\Documents\Embarcadero\Studio\19.0\Bpl;C:\Program Files (x86)\Embarcadero\Studio\19.0\bin64;C:\Users\Public\Documents\Embarcadero\Studio\19.0\Bpl\Win64;C:\Program Files (x86)\Common Files\Oracle\Java\javapath;C:\WINDOWS\system32;C:\WINDOWS;C:\WINDOWS\System32\Wbem;C:\WINDOWS\System32\WindowsPowerShell\v1.0\;C:\Program Files (x86)\ATI Technologies\ATI.ACE\Core-Static;C:\Program Files (x86)\AMD\ATI.ACE\Core-Static;C:\Program Files (x86)\Windows Kits\10\Windows Performance Toolkit\;C:\Program Files\Android\Java\jdk1.8.0_172\bin;C:\Program Files\Android\Java\jre1.8.0_172\bin;C:\Program Files\Git\cmd;C:\Raspberry+Kali\Установленные\PuTTY\;C:\Users\Belarus))\AppData\Local\Microsoft\WindowsApps;C:\Users\Belarus))\AppData\Local\GitHubDesktop\bin;C:\xampp\mysql\bin;C:\For_Studing\Wpy-3701\scripts;
USERNAME=Belarus))
OS=Windows_NT
PROCESSOR_IDENTIFIER=Intel64 Family 6 Model 42 Stepping 7, GenuineIntel



---------------  S Y S T E M  ---------------

OS: Windows 10.0 , 64 bit Build 16299 (10.0.16299.1087)

CPU:total 4 (initial active 4) (2 cores per cpu, 2 threads per core) family 6 model 42 stepping 7, cmov, cx8, fxsr, mmx, sse, sse2, sse3, ssse3, sse4.1, sse4.2, popcnt, avx, aes, clmul, ht, tsc, tscinvbit

Memory: 4k page, physical 8347444k(1299840k free), swap 9658164k(26320k free)

vm_info: OpenJDK 64-Bit Server VM (25.152-b01) for windows-amd64 JRE (1.8.0_152-release-1343-b01), built by "builder" with MS VC++ 10.0 (VS2010)

time: Thu May 16 22:48:55 2019
elapsed time: 12278 seconds (0d 3h 24m 38s)

